\BOOKMARK [1][-]{section.1}{Introduction}{}% 1
\BOOKMARK [1][-]{section.2}{Theory}{}% 2
\BOOKMARK [2][-]{subsection.2.1}{Presentation of potential}{section.2}% 3
\BOOKMARK [2][-]{subsection.2.2}{Solving with machine learning}{section.2}% 4
\BOOKMARK [3][-]{subsubsection.2.2.1}{Restricted Boltzmann Machines}{subsection.2.2}% 5
\BOOKMARK [2][-]{subsection.2.3}{Energy calculation}{section.2}% 6
\BOOKMARK [2][-]{subsection.2.4}{Onebody density}{section.2}% 7
\BOOKMARK [2][-]{subsection.2.5}{Scaling}{section.2}% 8
\BOOKMARK [2][-]{subsection.2.6}{Error estimation}{section.2}% 9
\BOOKMARK [1][-]{section.3}{Method}{}% 10
\BOOKMARK [2][-]{subsection.3.1}{Variational Monte Carlo}{section.3}% 11
\BOOKMARK [2][-]{subsection.3.2}{Metropolis Algorithm}{section.3}% 12
\BOOKMARK [3][-]{subsubsection.3.2.1}{Brute force}{subsection.3.2}% 13
\BOOKMARK [3][-]{subsubsection.3.2.2}{Importance sampling}{subsection.3.2}% 14
\BOOKMARK [3][-]{subsubsection.3.2.3}{Gibbs sampling}{subsection.3.2}% 15
\BOOKMARK [2][-]{subsection.3.3}{Minimalization method}{section.3}% 16
\BOOKMARK [3][-]{subsubsection.3.3.1}{Gradient decent}{subsection.3.3}% 17
\BOOKMARK [1][-]{section.4}{Code}{}% 18
\BOOKMARK [2][-]{subsection.4.1}{Structure}{section.4}% 19
\BOOKMARK [2][-]{subsection.4.2}{Implementation}{section.4}% 20
\BOOKMARK [1][-]{section.5}{Results}{}% 21
\BOOKMARK [1][-]{section.6}{Discussion}{}% 22
\BOOKMARK [1][-]{section.7}{Conclusion}{}% 23
\BOOKMARK [1][-]{section.8}{Appendix A}{}% 24
\BOOKMARK [1][-]{section.9}{References}{}% 25
