\BOOKMARK [1][-]{section.1}{Introduction}{}% 1
\BOOKMARK [1][-]{section.2}{Theory}{}% 2
\BOOKMARK [2][-]{subsection.2.1}{One-body density}{section.2}% 3
\BOOKMARK [1][-]{section.3}{Methods}{}% 4
\BOOKMARK [2][-]{subsection.3.1}{Variational Monte Carlo}{section.3}% 5
\BOOKMARK [2][-]{subsection.3.2}{Metropolis Algorithm}{section.3}% 6
\BOOKMARK [3][-]{subsubsection.3.2.1}{Brute force}{subsection.3.2}% 7
\BOOKMARK [3][-]{subsubsection.3.2.2}{Importance sampling}{subsection.3.2}% 8
\BOOKMARK [2][-]{subsection.3.3}{Minimization methods}{section.3}% 9
\BOOKMARK [3][-]{subsubsection.3.3.1}{Gradient descent}{subsection.3.3}% 10
\BOOKMARK [1][-]{section.4}{Results}{}% 11
\BOOKMARK [2][-]{subsection.4.1}{EL calculation and CPU-time}{section.4}% 12
\BOOKMARK [2][-]{subsection.4.2}{EL as function of the variational parameter }{section.4}% 13
\BOOKMARK [2][-]{subsection.4.3}{Brute Force vs. Importance sampling}{section.4}% 14
\BOOKMARK [2][-]{subsection.4.4}{Variance calculation}{section.4}% 15
\BOOKMARK [2][-]{subsection.4.5}{VMC with repulsive interaction}{section.4}% 16
\BOOKMARK [2][-]{subsection.4.6}{One-body densities}{section.4}% 17
\BOOKMARK [1][-]{section.5}{Discussion}{}% 18
\BOOKMARK [1][-]{section.6}{Conclusion}{}% 19
\BOOKMARK [1][-]{section.7}{Appendix}{}% 20
\BOOKMARK [2][-]{subsection.7.1}{Appendix A}{section.7}% 21
\BOOKMARK [3][-]{subsubsection.7.1.1}{One particle, one dimention}{subsection.7.1}% 22
\BOOKMARK [2][-]{subsection.7.2}{N particles, three dimentions}{section.7}% 23
\BOOKMARK [2][-]{subsection.7.3}{Appendix B}{section.7}% 24
